[2019-09-08 18:49:48.190] [exthost] [info] extension host started
[2019-09-08 18:49:48.335] [exthost] [info] ExtensionService#_doActivateExtension aaron-bond.better-comments {"startup":false,"activationEvent":"onLanguage:plaintext"}
[2019-09-08 18:49:48.335] [exthost] [info] ExtensionService#loadCommonJSModule /home/darkof/.vscode/extensions/aaron-bond.better-comments-2.0.5/out/extension
[2019-09-08 18:49:48.388] [exthost] [info] ExtensionService#_doActivateExtension vscode.debug-auto-launch {"startup":true,"activationEvent":"*"}
[2019-09-08 18:49:48.388] [exthost] [info] ExtensionService#loadCommonJSModule /usr/share/code/resources/app/extensions/debug-auto-launch/dist/extension
[2019-09-08 18:49:48.488] [exthost] [info] ExtensionService#_doActivateExtension vscode.emmet {"startup":true,"activationEvent":"*"}
[2019-09-08 18:49:48.488] [exthost] [info] ExtensionService#loadCommonJSModule /usr/share/code/resources/app/extensions/emmet/dist/extension
[2019-09-08 18:49:48.576] [exthost] [info] ExtensionService#_doActivateExtension vscode.git {"startup":true,"activationEvent":"*"}
[2019-09-08 18:49:48.576] [exthost] [info] ExtensionService#loadCommonJSModule /usr/share/code/resources/app/extensions/git/dist/main
[2019-09-08 18:49:48.890] [exthost] [info] ExtensionService#_doActivateExtension vscode.merge-conflict {"startup":true,"activationEvent":"*"}
[2019-09-08 18:49:48.890] [exthost] [info] ExtensionService#loadCommonJSModule /usr/share/code/resources/app/extensions/merge-conflict/dist/extension
[2019-09-08 18:49:48.920] [exthost] [info] ExtensionService#_doActivateExtension CoenraadS.bracket-pair-colorizer-2 {"startup":true,"activationEvent":"*"}
[2019-09-08 18:49:48.920] [exthost] [info] ExtensionService#loadCommonJSModule /home/darkof/.vscode/extensions/coenraads.bracket-pair-colorizer-2-0.0.28/out/src/extension
[2019-09-08 18:49:49.031] [exthost] [info] ExtensionService#_doActivateExtension eamodio.gitlens {"startup":true,"activationEvent":"*"}
[2019-09-08 18:49:49.032] [exthost] [info] ExtensionService#loadCommonJSModule /home/darkof/.vscode/extensions/eamodio.gitlens-9.9.3/dist/extension
[2019-09-08 18:49:49.341] [exthost] [info] ExtensionService#_doActivateExtension EditorConfig.EditorConfig {"startup":true,"activationEvent":"*"}
[2019-09-08 18:49:49.341] [exthost] [info] ExtensionService#loadCommonJSModule /home/darkof/.vscode/extensions/editorconfig.editorconfig-0.13.0/out/src/editorConfigMain
[2019-09-08 18:49:49.495] [exthost] [info] ExtensionService#_doActivateExtension Equinusocio.vsc-material-theme {"startup":true,"activationEvent":"*"}
[2019-09-08 18:49:49.495] [exthost] [info] ExtensionService#loadCommonJSModule /home/darkof/.vscode/extensions/equinusocio.vsc-material-theme-30.0.0/out/src/material.theme.config
[2019-09-08 18:49:49.650] [exthost] [info] ExtensionService#_doActivateExtension fabiospampinato.vscode-todo-plus {"startup":true,"activationEvent":"*"}
[2019-09-08 18:49:49.650] [exthost] [info] ExtensionService#loadCommonJSModule /home/darkof/.vscode/extensions/fabiospampinato.vscode-todo-plus-4.14.0/out/extension.js
[2019-09-08 18:49:50.413] [exthost] [info] ExtensionService#_doActivateExtension gornivv.vscode-flutter-files {"startup":true,"activationEvent":"*"}
[2019-09-08 18:49:50.414] [exthost] [info] ExtensionService#loadCommonJSModule /home/darkof/.vscode/extensions/gornivv.vscode-flutter-files-1.4.0/out/extension.js
[2019-09-08 18:49:50.709] [exthost] [info] ExtensionService#_doActivateExtension hoovercj.vscode-power-mode {"startup":true,"activationEvent":"*"}
[2019-09-08 18:49:50.709] [exthost] [info] ExtensionService#loadCommonJSModule /home/darkof/.vscode/extensions/hoovercj.vscode-power-mode-2.2.0/out/src/extension
[2019-09-08 18:49:51.141] [exthost] [info] ExtensionService#_doActivateExtension jeroen-meijer.pubspec-assist {"startup":true,"activationEvent":"*"}
[2019-09-08 18:49:51.148] [exthost] [info] ExtensionService#loadCommonJSModule /home/darkof/.vscode/extensions/jeroen-meijer.pubspec-assist-0.3.6/out/extension
[2019-09-08 18:49:51.497] [exthost] [info] ExtensionService#_doActivateExtension metaseed.metago {"startup":true,"activationEvent":"*"}
[2019-09-08 18:49:51.497] [exthost] [info] ExtensionService#loadCommonJSModule /home/darkof/.vscode/extensions/metaseed.metago-2.11.0/out/src/extension
[2019-09-08 18:49:51.580] [exthost] [info] ExtensionService#_doActivateExtension mhutchie.git-graph {"startup":true,"activationEvent":"*"}
[2019-09-08 18:49:51.580] [exthost] [info] ExtensionService#loadCommonJSModule /home/darkof/.vscode/extensions/mhutchie.git-graph-1.14.0/out/extension.js
[2019-09-08 18:49:51.727] [exthost] [info] ExtensionService#_doActivateExtension oderwat.indent-rainbow {"startup":true,"activationEvent":"*"}
[2019-09-08 18:49:51.727] [exthost] [info] ExtensionService#loadCommonJSModule /home/darkof/.vscode/extensions/oderwat.indent-rainbow-7.4.0/out/extension
[2019-09-08 18:49:51.737] [exthost] [info] ExtensionService#_doActivateExtension PKief.material-icon-theme {"startup":true,"activationEvent":"*"}
[2019-09-08 18:49:51.737] [exthost] [info] ExtensionService#loadCommonJSModule /home/darkof/.vscode/extensions/pkief.material-icon-theme-3.9.0/dist/extension
[2019-09-08 18:49:51.785] [exthost] [info] ExtensionService#_doActivateExtension Shan.code-settings-sync {"startup":true,"activationEvent":"*"}
[2019-09-08 18:49:51.785] [exthost] [info] ExtensionService#loadCommonJSModule /home/darkof/.vscode/extensions/shan.code-settings-sync-3.4.2/out/extension.js
[2019-09-08 18:49:52.212] [exthost] [info] ExtensionService#_doActivateExtension shardulm94.trailing-spaces {"startup":true,"activationEvent":"*"}
[2019-09-08 18:49:52.212] [exthost] [info] ExtensionService#loadCommonJSModule /home/darkof/.vscode/extensions/shardulm94.trailing-spaces-0.3.1/out/src/extension
[2019-09-08 18:49:52.301] [exthost] [info] ExtensionService#_doActivateExtension slevesque.vscode-multiclip {"startup":true,"activationEvent":"*"}
[2019-09-08 18:49:52.301] [exthost] [info] ExtensionService#loadCommonJSModule /home/darkof/.vscode/extensions/slevesque.vscode-multiclip-0.1.5/out/src/extension
[2019-09-08 18:49:52.322] [exthost] [info] ExtensionService#_doActivateExtension TzachOvadia.todo-list {"startup":true,"activationEvent":"*"}
[2019-09-08 18:49:52.322] [exthost] [info] ExtensionService#loadCommonJSModule /home/darkof/.vscode/extensions/tzachovadia.todo-list-1.5.0/out/src/extension
[2019-09-08 18:49:52.838] [exthost] [info] ExtensionService#_doActivateExtension vincaslt.highlight-matching-tag {"startup":true,"activationEvent":"*"}
[2019-09-08 18:49:52.838] [exthost] [info] ExtensionService#loadCommonJSModule /home/darkof/.vscode/extensions/vincaslt.highlight-matching-tag-0.9.5/out/src/extension
[2019-09-08 18:49:53.001] [exthost] [info] ExtensionService#_doActivateExtension wayou.vscode-todo-highlight {"startup":true,"activationEvent":"*"}
[2019-09-08 18:49:53.001] [exthost] [info] ExtensionService#loadCommonJSModule /home/darkof/.vscode/extensions/wayou.vscode-todo-highlight-1.0.4/src/extension
[2019-09-08 18:49:53.096] [exthost] [info] eager extensions activated
[2019-09-08 18:49:53.944] [exthost] [info] ExtensionService#_doActivateExtension GitHub.vscode-pull-request-github {"startup":true,"activationEvent":"*"}
[2019-09-08 18:49:53.950] [exthost] [info] ExtensionService#loadCommonJSModule /home/darkof/.vscode/extensions/github.vscode-pull-request-github-0.9.2/media/extension
